<?xml version="1.0" encoding="UTF-8"?>
<robot generator="Robot 4.0.3 (Python 3.9.4 on darwin)" generated="20210705 15:08:08.074" rpa="false" schemaversion="2">
<suite id="s1" name="Screenshot" source="/Users/aman/Desktop/RobotProcessAuto/ResearchGate/tests/Screenshot.robot">
<test id="s1-t1" name="ResearchTC">
<kw name="Open Browser" library="SeleniumLibrary">
<arg>https://www.researchgate.net/publication/352333045_Machine_Learning</arg>
<arg>safari</arg>
<doc>Opens a new browser instance to the optional ``url``.</doc>
<msg timestamp="20210705 15:08:08.149" level="INFO">Opening browser 'safari' to base url 'https://www.researchgate.net/publication/352333045_Machine_Learning'.</msg>
<status status="PASS" starttime="20210705 15:08:08.149" endtime="20210705 15:08:11.151"/>
</kw>
<kw name="Capture Element Screenshot" library="SeleniumLibrary">
<arg>xpath://*[@id="lite-page"]/main/section/section[1]/div/div/h1</arg>
<arg>/Users/aman/Desktop/RobotProcessAuto/ResearchGate/Link1/Name.png</arg>
<doc>Captures a screenshot from the element identified by ``locator`` and embeds it into log file.</doc>
<msg timestamp="20210705 15:08:11.171" level="INFO" html="true">&lt;/td&gt;&lt;/tr&gt;&lt;tr&gt;&lt;td colspan="3"&gt;&lt;a href="../Link1/Name.png"&gt;&lt;img src="../Link1/Name.png" width="400px"&gt;&lt;/a&gt;</msg>
<status status="PASS" starttime="20210705 15:08:11.153" endtime="20210705 15:08:11.172"/>
</kw>
<kw name="Capture Element Screenshot" library="SeleniumLibrary">
<arg>xpath://*[@id="lite-page"]/main/section/section[1]/div/div/div[1]/div[1]/ul/li</arg>
<arg>/Users/aman/Desktop/RobotProcessAuto/ResearchGate/Link1/Year.png</arg>
<doc>Captures a screenshot from the element identified by ``locator`` and embeds it into log file.</doc>
<msg timestamp="20210705 15:08:11.181" level="INFO" html="true">&lt;/td&gt;&lt;/tr&gt;&lt;tr&gt;&lt;td colspan="3"&gt;&lt;a href="../Link1/Year.png"&gt;&lt;img src="../Link1/Year.png" width="400px"&gt;&lt;/a&gt;</msg>
<status status="PASS" starttime="20210705 15:08:11.172" endtime="20210705 15:08:11.181"/>
</kw>
<kw name="Capture Element Screenshot" library="SeleniumLibrary">
<arg>xpath://*[@id="lite-page"]/main/section/section[1]/div/div/div[3]</arg>
<arg>/Users/aman/Desktop/RobotProcessAuto/ResearchGate/Link1/Author.png</arg>
<doc>Captures a screenshot from the element identified by ``locator`` and embeds it into log file.</doc>
<msg timestamp="20210705 15:08:11.194" level="INFO" html="true">&lt;/td&gt;&lt;/tr&gt;&lt;tr&gt;&lt;td colspan="3"&gt;&lt;a href="../Link1/Author.png"&gt;&lt;img src="../Link1/Author.png" width="400px"&gt;&lt;/a&gt;</msg>
<status status="PASS" starttime="20210705 15:08:11.181" endtime="20210705 15:08:11.194"/>
</kw>
<kw name="Execute Javascript" library="SeleniumLibrary">
<arg>window.scrollTo(0, document.body.scrollHeight)</arg>
<doc>Executes the given JavaScript code with possible arguments.</doc>
<msg timestamp="20210705 15:08:11.194" level="INFO">Executing JavaScript:
window.scrollTo(0, document.body.scrollHeight)
Without any arguments.</msg>
<status status="PASS" starttime="20210705 15:08:11.194" endtime="20210705 15:08:11.197"/>
</kw>
<kw name="Sleep" library="BuiltIn">
<arg>5s</arg>
<doc>Pauses the test executed for the given time.</doc>
<msg timestamp="20210705 15:08:16.199" level="INFO">Slept 5 seconds</msg>
<status status="PASS" starttime="20210705 15:08:11.197" endtime="20210705 15:08:16.199"/>
</kw>
<kw name="Capture Element Screenshot" library="SeleniumLibrary">
<arg>xpath://*[@id="lite-page"]/main/section/div[1]/div[1]/div</arg>
<arg>/Users/aman/Desktop/RobotProcessAuto/ResearchGate/Link1/Absract.png</arg>
<doc>Captures a screenshot from the element identified by ``locator`` and embeds it into log file.</doc>
<msg timestamp="20210705 15:08:16.257" level="INFO" html="true">&lt;/td&gt;&lt;/tr&gt;&lt;tr&gt;&lt;td colspan="3"&gt;&lt;a href="../Link1/Absract.png"&gt;&lt;img src="../Link1/Absract.png" width="400px"&gt;&lt;/a&gt;</msg>
<status status="PASS" starttime="20210705 15:08:16.200" endtime="20210705 15:08:16.257"/>
</kw>
<kw name="Sleep" library="BuiltIn">
<arg>5s</arg>
<doc>Pauses the test executed for the given time.</doc>
<msg timestamp="20210705 15:08:21.260" level="INFO">Slept 5 seconds</msg>
<status status="PASS" starttime="20210705 15:08:16.258" endtime="20210705 15:08:21.260"/>
</kw>
<status status="PASS" starttime="20210705 15:08:08.149" endtime="20210705 15:08:21.261"/>
</test>
<doc>Testing Case 2</doc>
<status status="PASS" starttime="20210705 15:08:08.075" endtime="20210705 15:08:21.263"/>
</suite>
<statistics>
<total>
<stat pass="1" fail="0" skip="0">All Tests</stat>
</total>
<tag>
</tag>
<suite>
<stat pass="1" fail="0" skip="0" id="s1" name="Screenshot">Screenshot</stat>
</suite>
</statistics>
<errors>
</errors>
</robot>
